{
  "file": "/Users/rd/Coding/go/src/github.com/juleur/ecrpe/graph/schema.resolvers.go:79",
  "func": "github.com/juleur/ecrpe/graph.(*mutationResolver).RefreshToken",
  "level": "error",
  "msg": "sql: no rows in result set",
  "time": "2020-03-26T23:39:22+0100"
}
{
  "file": "/Users/rd/Coding/go/src/github.com/juleur/ecrpe/server.go:53",
  "func": "main.init.1",
  "level": "fatal",
  "msg": "dial tcp 127.0.0.1:7359: connect: connection refused",
  "time": "2020-03-27T07:10:12+0100"
}
{
  "file": "/Users/rd/Coding/go/src/github.com/juleur/ecrpe/graph/schema.resolvers.go:79",
  "func": "github.com/juleur/ecrpe/graph.(*mutationResolver).RefreshToken",
  "level": "error",
  "msg": "sql: no rows in result set",
  "time": "2020-03-27T07:11:25+0100"
}
{
  "file": "/Users/rd/Coding/go/src/github.com/juleur/ecrpe/graph/schema.resolvers.go:78",
  "func": "github.com/juleur/ecrpe/graph.(*mutationResolver).RefreshToken",
  "level": "error",
  "msg": "sql: no rows in result set",
  "time": "2020-03-27T07:25:56+0100"
}
{
  "file": "/Users/rd/Coding/go/src/github.com/juleur/ecrpe/graph/schema.resolvers.go:78",
  "func": "github.com/juleur/ecrpe/graph.(*mutationResolver).RefreshToken",
  "level": "error",
  "msg": "sql: no rows in result set",
  "time": "2020-03-27T07:26:02+0100"
}
{
  "file": "/Users/rd/Coding/go/src/github.com/juleur/ecrpe/graph/schema.resolvers.go:78",
  "func": "github.com/juleur/ecrpe/graph.(*mutationResolver).RefreshToken",
  "level": "error",
  "msg": "sql: no rows in result set",
  "time": "2020-03-27T07:36:23+0100"
}
{
  "file": "/Users/rd/Coding/go/src/github.com/juleur/ecrpe/graph/schema.resolvers.go:575",
  "func": "github.com/juleur/ecrpe/graph.(*queryResolver).Profile",
  "level": "error",
  "msg": "User n°0 authentication didn't succeed HttpErrorStatus ",
  "time": "2020-03-27T07:48:46+0100"
}
{
  "file": "/Users/rd/Coding/go/src/github.com/juleur/ecrpe/graph/schema.resolvers.go:79",
  "func": "github.com/juleur/ecrpe/graph.(*mutationResolver).RefreshToken",
  "level": "error",
  "msg": "sql: no rows in result set",
  "time": "2020-03-27T08:07:50+0100"
}
{
  "file": "/Users/rd/Coding/go/src/github.com/juleur/ecrpe/graph/schema.resolvers.go:78",
  "func": "github.com/juleur/ecrpe/graph.(*mutationResolver).RefreshToken",
  "level": "error",
  "msg": "sql: no rows in result set",
  "time": "2020-03-27T08:32:09+0100"
}
{
  "file": "/Users/rd/Coding/go/src/github.com/juleur/ecrpe/graph/schema.resolvers.go:78",
  "func": "github.com/juleur/ecrpe/graph.(*mutationResolver).RefreshToken",
  "level": "error",
  "msg": "sql: no rows in result set",
  "time": "2020-03-27T08:45:17+0100"
}
{
  "file": "/Users/rd/Coding/go/src/github.com/juleur/ecrpe/graph/schema.resolvers.go:78",
  "func": "github.com/juleur/ecrpe/graph.(*mutationResolver).RefreshToken",
  "level": "error",
  "msg": "sql: no rows in result set",
  "time": "2020-03-27T08:50:10+0100"
}
